Using pre-set license
Built from '2021.3/staging' branch; Version is '2021.3.16f1 (4016570cf34f) revision 4200023'; Using compiler version '192829333'; Build Type 'Release'
OS: 'Windows 10  (10.0.19045) 64bit Professional' Language: 'fr' Physical Memory: 16330 MB
BatchMode: 1, IsHumanControllingUs: 0, StartBugReporterOnCrash: 0, Is64bit: 1, IsPro: 1

COMMAND LINE ARGUMENTS:
C:\Program Files\Unity 2021.3.16f1\Editor\Unity.exe
-adb2
-batchMode
-noUpm
-name
AssetImportWorker2
-projectPath
C:/Users/mcblo/Desktop/Invasion
-logFile
Logs/AssetImportWorker2.log
-srvPort
55645
Successfully changed project path to: C:/Users/mcblo/Desktop/Invasion
C:/Users/mcblo/Desktop/Invasion
[UnityMemory] Configuration Parameters - Can be set up in boot.config
    "memorysetup-bucket-allocator-granularity=16"
    "memorysetup-bucket-allocator-bucket-count=8"
    "memorysetup-bucket-allocator-block-size=33554432"
    "memorysetup-bucket-allocator-block-count=8"
    "memorysetup-main-allocator-block-size=16777216"
    "memorysetup-thread-allocator-block-size=16777216"
    "memorysetup-gfx-main-allocator-block-size=16777216"
    "memorysetup-gfx-thread-allocator-block-size=16777216"
    "memorysetup-cache-allocator-block-size=4194304"
    "memorysetup-typetree-allocator-block-size=2097152"
    "memorysetup-profiler-bucket-allocator-granularity=16"
    "memorysetup-profiler-bucket-allocator-bucket-count=8"
    "memorysetup-profiler-bucket-allocator-block-size=33554432"
    "memorysetup-profiler-bucket-allocator-block-count=8"
    "memorysetup-profiler-allocator-block-size=16777216"
    "memorysetup-profiler-editor-allocator-block-size=1048576"
    "memorysetup-temp-allocator-size-main=16777216"
    "memorysetup-job-temp-allocator-block-size=2097152"
    "memorysetup-job-temp-allocator-block-size-background=1048576"
    "memorysetup-job-temp-allocator-reduction-small-platforms=262144"
    "memorysetup-temp-allocator-size-background-worker=32768"
    "memorysetup-temp-allocator-size-job-worker=262144"
    "memorysetup-temp-allocator-size-preload-manager=33554432"
    "memorysetup-temp-allocator-size-nav-mesh-worker=65536"
    "memorysetup-temp-allocator-size-audio-worker=65536"
    "memorysetup-temp-allocator-size-cloud-worker=32768"
    "memorysetup-temp-allocator-size-gi-baking-worker=262144"
    "memorysetup-temp-allocator-size-gfx=262144"
Player connection [13356] Host "[IP] 192.168.1.157 [Port] 0 [Flags] 2 [Guid] 810533445 [EditorId] 810533445 [Version] 1048832 [Id] WindowsEditor(7,DESKTOP-A9VDVBK) [Debug] 1 [PackageName] WindowsEditor [ProjectName] Editor" joined multi-casting on [225.0.0.222:54997]...

Player connection [13356] Host "[IP] 192.168.1.157 [Port] 0 [Flags] 2 [Guid] 810533445 [EditorId] 810533445 [Version] 1048832 [Id] WindowsEditor(7,DESKTOP-A9VDVBK) [Debug] 1 [PackageName] WindowsEditor [ProjectName] Editor" joined alternative multi-casting on [225.0.0.222:34997]...

Refreshing native plugins compatible for Editor in 117.43 ms, found 3 plugins.
Preloading 0 native plugins for Editor in 0.00 ms.
Initialize engine version: 2021.3.16f1 (4016570cf34f)
[Subsystems] Discovering subsystems at path C:/Program Files/Unity 2021.3.16f1/Editor/Data/Resources/UnitySubsystems
[Subsystems] Discovering subsystems at path C:/Users/mcblo/Desktop/Invasion/Assets
GfxDevice: creating device client; threaded=0; jobified=0
Direct3D:
    Version:  Direct3D 11.0 [level 11.1]
    Renderer: NVIDIA GeForce GTX 1650 (ID=0x1f82)
    Vendor:   NVIDIA
    VRAM:     3949 MB
    Driver:   31.0.15.2698
Initialize mono
Mono path[0] = 'C:/Program Files/Unity 2021.3.16f1/Editor/Data/Managed'
Mono path[1] = 'C:/Program Files/Unity 2021.3.16f1/Editor/Data/MonoBleedingEdge/lib/mono/unityjit-win32'
Mono config path = 'C:/Program Files/Unity 2021.3.16f1/Editor/Data/MonoBleedingEdge/etc'
Using monoOptions --debugger-agent=transport=dt_socket,embedding=1,server=y,suspend=n,address=127.0.0.1:56692
Begin MonoManager ReloadAssembly
Registering precompiled unity dll's ...
Register platform support module: C:/Program Files/Unity 2021.3.16f1/Editor/Data/PlaybackEngines/WindowsStandaloneSupport/UnityEditor.WindowsStandalone.Extensions.dll
Registered in 0.006161 seconds.
Native extension for WindowsStandalone target not found
Refreshing native plugins compatible for Editor in 121.66 ms, found 3 plugins.
Preloading 0 native plugins for Editor in 0.00 ms.
Mono: successfully reloaded assembly
- Completed reload, in  0.880 seconds
Domain Reload Profiling:
	ReloadAssembly (880ms)
		BeginReloadAssembly (116ms)
			ExecutionOrderSort (0ms)
			DisableScriptedObjects (0ms)
			BackupInstance (0ms)
			ReleaseScriptingObjects (0ms)
			CreateAndSetChildDomain (1ms)
		EndReloadAssembly (619ms)
			LoadAssemblies (113ms)
			RebuildTransferFunctionScriptingTraits (0ms)
			SetupTypeCache (132ms)
			ReleaseScriptCaches (0ms)
			RebuildScriptCaches (38ms)
			SetupLoadedEditorAssemblies (383ms)
				LogAssemblyErrors (0ms)
				InitializePlatformSupportModulesInManaged (10ms)
				SetLoadedEditorAssemblies (0ms)
				RefreshPlugins (122ms)
				BeforeProcessingInitializeOnLoad (2ms)
				ProcessInitializeOnLoadAttributes (195ms)
				ProcessInitializeOnLoadMethodAttributes (54ms)
				AfterProcessingInitializeOnLoad (0ms)
				EditorAssembliesLoaded (0ms)
			ExecutionOrderSort2 (0ms)
			AwakeInstancesAfterBackupRestoration (0ms)
Platform modules already initialized, skipping
Registering precompiled user dll's ...
Registered in 0.010046 seconds.
Begin MonoManager ReloadAssembly
Symbol file LoadedFromMemory doesn't match image C:\Users\mcblo\Desktop\Invasion\Library\PackageCache\com.unity.visualscripting@1.7.8\Editor\VisualScripting.Core\Dependencies\YamlDotNet\Unity.VisualScripting.YamlDotNet.dll
Symbol file LoadedFromMemory doesn't match image C:\Users\mcblo\Desktop\Invasion\Library\PackageCache\com.unity.visualscripting@1.7.8\Editor\VisualScripting.Core\Dependencies\DotNetZip\Unity.VisualScripting.IonicZip.dll
Native extension for WindowsStandalone target not found
Refreshing native plugins compatible for Editor in 0.79 ms, found 3 plugins.
Preloading 0 native plugins for Editor in 0.00 ms.
Mirror | mirror-networking.com | discord.gg/N9QVxbM
UnityEngine.StackTraceUtility:ExtractStackTrace ()
UnityEngine.DebugLogHandler:LogFormat (UnityEngine.LogType,UnityEngine.Object,string,object[])
UnityEngine.Logger:Log (UnityEngine.LogType,object)
UnityEngine.Debug:Log (object)
Mirror.Welcome:OnInitializeOnLoad () (at Assets/Mirror/Editor/Welcome.cs:18)
System.Reflection.RuntimeMethodInfo:Invoke (object,System.Reflection.BindingFlags,System.Reflection.Binder,object[],System.Globalization.CultureInfo)
System.Reflection.MethodBase:Invoke (object,object[])
UnityEditor.EditorAssemblies:ProcessInitializeOnLoadMethodAttributes ()

(Filename: Assets/Mirror/Editor/Welcome.cs Line: 18)

Mono: successfully reloaded assembly
- Completed reload, in  1.363 seconds
Domain Reload Profiling:
	ReloadAssembly (1364ms)
		BeginReloadAssembly (143ms)
			ExecutionOrderSort (0ms)
			DisableScriptedObjects (7ms)
			BackupInstance (0ms)
			ReleaseScriptingObjects (0ms)
			CreateAndSetChildDomain (24ms)
		EndReloadAssembly (1071ms)
			LoadAssemblies (120ms)
			RebuildTransferFunctionScriptingTraits (0ms)
			SetupTypeCache (354ms)
			ReleaseScriptCaches (1ms)
			RebuildScriptCaches (67ms)
			SetupLoadedEditorAssemblies (488ms)
				LogAssemblyErrors (0ms)
				InitializePlatformSupportModulesInManaged (6ms)
				SetLoadedEditorAssemblies (1ms)
				RefreshPlugins (1ms)
				BeforeProcessingInitializeOnLoad (125ms)
				ProcessInitializeOnLoadAttributes (300ms)
				ProcessInitializeOnLoadMethodAttributes (45ms)
				AfterProcessingInitializeOnLoad (10ms)
				EditorAssembliesLoaded (0ms)
			ExecutionOrderSort2 (0ms)
			AwakeInstancesAfterBackupRestoration (8ms)
Platform modules already initialized, skipping
========================================================================
Worker process is ready to serve import requests
Launched and connected shader compiler UnityShaderCompiler.exe after 0.07 seconds
Refreshing native plugins compatible for Editor in 1.29 ms, found 3 plugins.
Preloading 0 native plugins for Editor in 0.00 ms.
Unloading 3798 Unused Serialized files (Serialized files now loaded: 0)
Unloading 30 unused Assets / (56.6 KB). Loaded Objects now: 4252.
Memory consumption went from 132.2 MB to 132.2 MB.
Total: 4.584000 ms (FindLiveObjects: 0.462100 ms CreateObjectMapping: 0.144100 ms MarkObjects: 3.873900 ms  DeleteObjects: 0.102600 ms)

AssetImportParameters requested are different than current active one (requested -> active):
  custom:video-decoder-ogg-theora: a1e56fd34408186e4bbccfd4996cb3dc -> 
  custom:container-muxer-webm: aa71ff27fc2769a1b78a27578f13a17b -> 
  custom:container-demuxer-webm: 4f35f7cbe854078d1ac9338744f61a02 -> 
  custom:video-encoder-webm-vp8: eb34c28f22e8b96e1ab97ce403110664 -> 
  custom:audio-encoder-webm-vorbis: bf7c407c2cedff20999df2af8eb42d56 -> 
  custom:framework-win-MediaFoundation: 216162199b28c13a410421893ffa2e32 -> 
  custom:container-demuxer-ogg: 62fdf1f143b41e24485cea50d1cbac27 -> 
  custom:video-decoder-webm-vp8: 9c59270c3fd7afecdb556c50c9e8de78 -> 
  custom:audio-decoder-ogg-vorbis: bf7c407c2cedff20999df2af8eb42d56 -> 
========================================================================
Received Import Request.
  Time since last request: 239028.511832 seconds.
  path: Assets/Imports/Sci-Fi Weapons
  artifactKey: Guid(5794faa3432603a4f9fadf68a2998b5b) Importer(815301076,1909f56bfc062723c751e8b465ee728b)
Start importing Assets/Imports/Sci-Fi Weapons using Guid(5794faa3432603a4f9fadf68a2998b5b) Importer(815301076,1909f56bfc062723c751e8b465ee728b)  -> (artifact id: '11ef5e9d7a5bbf9115c8344ace893255') in 0.015316 seconds 
========================================================================
Received Import Request.
  Time since last request: 9.393268 seconds.
  path: Assets/Imports/Sci-Fi Weapons/Base Pack/Prefabs/Pistol
  artifactKey: Guid(ff710ff0c10e3b645b9f090e77ab809d) Importer(815301076,1909f56bfc062723c751e8b465ee728b)
Start importing Assets/Imports/Sci-Fi Weapons/Base Pack/Prefabs/Pistol using Guid(ff710ff0c10e3b645b9f090e77ab809d) Importer(815301076,1909f56bfc062723c751e8b465ee728b)  -> (artifact id: '525f640fa20a0877e7455ceb5e6b81a7') in 0.008853 seconds 
========================================================================
Received Import Request.
  Time since last request: 0.058423 seconds.
  path: Assets/Imports/Sci-Fi Weapons/Base Pack/Prefabs/Pistol/Pistol_01.prefab
  artifactKey: Guid(57bf5071e0a1c8947b8918a8f96184a6) Importer(815301076,1909f56bfc062723c751e8b465ee728b)
Start importing Assets/Imports/Sci-Fi Weapons/Base Pack/Prefabs/Pistol/Pistol_01.prefab using Guid(57bf5071e0a1c8947b8918a8f96184a6) Importer(815301076,1909f56bfc062723c751e8b465ee728b)  -> (artifact id: 'a11376bc1095f8d838f9f20fc490ee43') in 0.448607 seconds 
========================================================================
Received Import Request.
  Time since last request: 417.732655 seconds.
  path: Assets/Imports/Particle/FlareParticle/Materials/ParticleFirework.mat
  artifactKey: Guid(9f3080141f1f64197825663e067f94f8) Importer(815301076,1909f56bfc062723c751e8b465ee728b)
Start importing Assets/Imports/Particle/FlareParticle/Materials/ParticleFirework.mat using Guid(9f3080141f1f64197825663e067f94f8) Importer(815301076,1909f56bfc062723c751e8b465ee728b)  -> (artifact id: 'c677e4185fd6ef0969c1979eec325e00') in 0.066492 seconds 
========================================================================
Received Import Request.
  Time since last request: 101.955867 seconds.
  path: Assets/Prefabs
  artifactKey: Guid(36cf16c2bf44e974a80f7defd561d744) Importer(815301076,1909f56bfc062723c751e8b465ee728b)
Start importing Assets/Prefabs using Guid(36cf16c2bf44e974a80f7defd561d744) Importer(815301076,1909f56bfc062723c751e8b465ee728b)  -> (artifact id: '1355af2ee0295e38acf364280e0577aa') in 0.002803 seconds 
========================================================================
Received Import Request.
  Time since last request: 5.932601 seconds.
  path: Assets/Prefabs/ParticlePrefab
  artifactKey: Guid(6ceb6b1a1c385c34d9d95e585b61556c) Importer(815301076,1909f56bfc062723c751e8b465ee728b)
Start importing Assets/Prefabs/ParticlePrefab using Guid(6ceb6b1a1c385c34d9d95e585b61556c) Importer(815301076,1909f56bfc062723c751e8b465ee728b)  -> (artifact id: '5dcedeef4142bb67bebd09c6680835e7') in 0.010105 seconds 
========================================================================
Received Import Request.
  Time since last request: 0.064206 seconds.
  path: Assets/Prefabs/ParticlePrefab/Explosion.prefab
  artifactKey: Guid(15affaa4c0b036f40925c7cce56aa9b4) Importer(815301076,1909f56bfc062723c751e8b465ee728b)
Start importing Assets/Prefabs/ParticlePrefab/Explosion.prefab using Guid(15affaa4c0b036f40925c7cce56aa9b4) Importer(815301076,1909f56bfc062723c751e8b465ee728b)  -> (artifact id: '89d8aff921bcbb7a0a79b8fe15b8f775') in 0.052793 seconds 
========================================================================
Received Import Request.
  Time since last request: 0.000021 seconds.
  path: Assets/Prefabs/ParticlePrefab/SpawnEffect.prefab
  artifactKey: Guid(65903415e93d09c4395bbe2cabe29ab1) Importer(815301076,1909f56bfc062723c751e8b465ee728b)
Start importing Assets/Prefabs/ParticlePrefab/SpawnEffect.prefab using Guid(65903415e93d09c4395bbe2cabe29ab1) Importer(815301076,1909f56bfc062723c751e8b465ee728b)  -> (artifact id: '0e8c0e13e8cd10bf15e127d96d378745') in 0.017583 seconds 
========================================================================
Received Import Request.
  Time since last request: 24.758370 seconds.
  path: Assets/Prefabs/Pistol_01.prefab
  artifactKey: Guid(df5b2e060aaa85a49a944ef72fb2d00b) Importer(815301076,1909f56bfc062723c751e8b465ee728b)
Start importing Assets/Prefabs/Pistol_01.prefab using Guid(df5b2e060aaa85a49a944ef72fb2d00b) Importer(815301076,1909f56bfc062723c751e8b465ee728b)  -> (artifact id: '52c1994a050d970fdf302b390e869e75') in 0.063773 seconds 
========================================================================
Received Import Request.
  Time since last request: 258.609772 seconds.
  path: Assets/Scripts
  artifactKey: Guid(38afcd75df5c1e047874bdb226db23ca) Importer(815301076,1909f56bfc062723c751e8b465ee728b)
Start importing Assets/Scripts using Guid(38afcd75df5c1e047874bdb226db23ca) Importer(815301076,1909f56bfc062723c751e8b465ee728b)  -> (artifact id: '0006934d7a9ccd101dc2cc167693f4e5') in 0.009261 seconds 
========================================================================
Received Import Request.
  Time since last request: 2.637753 seconds.
  path: Assets/Scripts/PlayerWeapon.cs
  artifactKey: Guid(e4385424e9b7d864c8b082cf9344cc03) Importer(815301076,1909f56bfc062723c751e8b465ee728b)
Start importing Assets/Scripts/PlayerWeapon.cs using Guid(e4385424e9b7d864c8b082cf9344cc03) Importer(815301076,1909f56bfc062723c751e8b465ee728b)  -> (artifact id: 'dcb7102137fb127288cd03075255c350') in 0.017522 seconds 
========================================================================
Received Import Request.
  Time since last request: 202.773815 seconds.
  path: Assets/Scripts/PlayerWeapon.cs
  artifactKey: Guid(e4385424e9b7d864c8b082cf9344cc03) Importer(815301076,1909f56bfc062723c751e8b465ee728b)
Start importing Assets/Scripts/PlayerWeapon.cs using Guid(e4385424e9b7d864c8b082cf9344cc03) Importer(815301076,1909f56bfc062723c751e8b465ee728b)  -> (artifact id: 'af6db3209e33a39678150fc15ae7e80f') in 0.002870 seconds 
========================================================================
Received Import Request.
  Time since last request: 42.776844 seconds.
  path: Assets/Scripts/PlayerWeapon.cs
  artifactKey: Guid(e4385424e9b7d864c8b082cf9344cc03) Importer(815301076,1909f56bfc062723c751e8b465ee728b)
Start importing Assets/Scripts/PlayerWeapon.cs using Guid(e4385424e9b7d864c8b082cf9344cc03) Importer(815301076,1909f56bfc062723c751e8b465ee728b)  -> (artifact id: '6c8ccbb41dfc5253eff6d42a4ee9dc7b') in 0.002828 seconds 
========================================================================
Received Import Request.
  Time since last request: 9.739830 seconds.
  path: Assets/Scripts/WeaponData.cs
  artifactKey: Guid(e4385424e9b7d864c8b082cf9344cc03) Importer(815301076,1909f56bfc062723c751e8b465ee728b)
Start importing Assets/Scripts/WeaponData.cs using Guid(e4385424e9b7d864c8b082cf9344cc03) Importer(815301076,1909f56bfc062723c751e8b465ee728b)  -> (artifact id: '35fc09099fa39f368c5981c15ce6a056') in 0.010064 seconds 
========================================================================
Received Import Request.
  Time since last request: 45.648287 seconds.
  path: Assets/Scripts/WeaponManager.cs
  artifactKey: Guid(352b165169edc6b42bcf7d8780a2ac39) Importer(815301076,1909f56bfc062723c751e8b465ee728b)
Start importing Assets/Scripts/WeaponManager.cs using Guid(352b165169edc6b42bcf7d8780a2ac39) Importer(815301076,1909f56bfc062723c751e8b465ee728b)  -> (artifact id: '0248ef3bef657320362e556441b5cd76') in 0.008492 seconds 
========================================================================
Received Import Request.
  Time since last request: 108.860349 seconds.
  path: Assets/Scripts/PlayerShoot.cs
  artifactKey: Guid(632e65e1de20cef429a5a050bd70bfbf) Importer(815301076,1909f56bfc062723c751e8b465ee728b)
Start importing Assets/Scripts/PlayerShoot.cs using Guid(632e65e1de20cef429a5a050bd70bfbf) Importer(815301076,1909f56bfc062723c751e8b465ee728b)  -> (artifact id: 'fb793063045b24fb8de2e7bb86bd9e36') in 0.009572 seconds 
========================================================================
Received Prepare
Registering precompiled user dll's ...
Registered in 0.009723 seconds.
Begin MonoManager ReloadAssembly
Symbol file LoadedFromMemory doesn't match image C:\Users\mcblo\Desktop\Invasion\Library\PackageCache\com.unity.visualscripting@1.7.8\Editor\VisualScripting.Core\Dependencies\YamlDotNet\Unity.VisualScripting.YamlDotNet.dll
Symbol file LoadedFromMemory doesn't match image C:\Users\mcblo\Desktop\Invasion\Library\PackageCache\com.unity.visualscripting@1.7.8\Editor\VisualScripting.Core\Dependencies\DotNetZip\Unity.VisualScripting.IonicZip.dll
Native extension for WindowsStandalone target not found
Refreshing native plugins compatible for Editor in 0.89 ms, found 3 plugins.
Preloading 0 native plugins for Editor in 0.00 ms.
Mono: successfully reloaded assembly
- Completed reload, in  1.252 seconds
Domain Reload Profiling:
	ReloadAssembly (1252ms)
		BeginReloadAssembly (190ms)
			ExecutionOrderSort (0ms)
			DisableScriptedObjects (5ms)
			BackupInstance (0ms)
			ReleaseScriptingObjects (0ms)
			CreateAndSetChildDomain (61ms)
		EndReloadAssembly (929ms)
			LoadAssemblies (112ms)
			RebuildTransferFunctionScriptingTraits (0ms)
			SetupTypeCache (328ms)
			ReleaseScriptCaches (2ms)
			RebuildScriptCaches (48ms)
			SetupLoadedEditorAssemblies (395ms)
				LogAssemblyErrors (0ms)
				InitializePlatformSupportModulesInManaged (14ms)
				SetLoadedEditorAssemblies (1ms)
				RefreshPlugins (1ms)
				BeforeProcessingInitializeOnLoad (85ms)
				ProcessInitializeOnLoadAttributes (243ms)
				ProcessInitializeOnLoadMethodAttributes (41ms)
				AfterProcessingInitializeOnLoad (10ms)
				EditorAssembliesLoaded (0ms)
			ExecutionOrderSort2 (0ms)
			AwakeInstancesAfterBackupRestoration (7ms)
Platform modules already initialized, skipping
Refreshing native plugins compatible for Editor in 2.82 ms, found 3 plugins.
Preloading 0 native plugins for Editor in 0.00 ms.
Unloading 3778 Unused Serialized files (Serialized files now loaded: 0)
Unloading 26 unused Assets / (50.0 KB). Loaded Objects now: 4299.
Memory consumption went from 135.4 MB to 135.4 MB.
Total: 3.805500 ms (FindLiveObjects: 0.342400 ms CreateObjectMapping: 0.127700 ms MarkObjects: 3.193800 ms  DeleteObjects: 0.140200 ms)

AssetImportParameters requested are different than current active one (requested -> active):
  custom:video-decoder-ogg-theora: a1e56fd34408186e4bbccfd4996cb3dc -> 
  custom:container-muxer-webm: aa71ff27fc2769a1b78a27578f13a17b -> 
  custom:container-demuxer-webm: 4f35f7cbe854078d1ac9338744f61a02 -> 
  custom:video-encoder-webm-vp8: eb34c28f22e8b96e1ab97ce403110664 -> 
  custom:audio-encoder-webm-vorbis: bf7c407c2cedff20999df2af8eb42d56 -> 
  custom:framework-win-MediaFoundation: 216162199b28c13a410421893ffa2e32 -> 
  custom:container-demuxer-ogg: 62fdf1f143b41e24485cea50d1cbac27 -> 
  custom:video-decoder-webm-vp8: 9c59270c3fd7afecdb556c50c9e8de78 -> 
  custom:audio-decoder-ogg-vorbis: bf7c407c2cedff20999df2af8eb42d56 -> 
========================================================================
Received Import Request.
  Time since last request: 108.526450 seconds.
  path: Assets/Prefabs/AI.prefab
  artifactKey: Guid(9432be83467a9ec4fa526cb5f83c5afe) Importer(815301076,1909f56bfc062723c751e8b465ee728b)
Start importing Assets/Prefabs/AI.prefab using Guid(9432be83467a9ec4fa526cb5f83c5afe) Importer(815301076,1909f56bfc062723c751e8b465ee728b)  -> (artifact id: '70840fed5c3923a2f1ca634fbb04533f') in 0.187200 seconds 
========================================================================
Received Import Request.
  Time since last request: 64.131100 seconds.
  path: Assets/Scripts/Weapons
  artifactKey: Guid(93a4efee77aab2f49b21c25314ef20a7) Importer(815301076,1909f56bfc062723c751e8b465ee728b)
Start importing Assets/Scripts/Weapons using Guid(93a4efee77aab2f49b21c25314ef20a7) Importer(815301076,1909f56bfc062723c751e8b465ee728b)  -> (artifact id: 'c5397fab6efe3e29bde3d2ec111ad333') in 0.009132 seconds 
========================================================================
Received Import Request.
  Time since last request: 13.503079 seconds.
  path: Assets/WeaponData.asset
  artifactKey: Guid(e119a0c103874fe4e979436d5ebfdb26) Importer(815301076,1909f56bfc062723c751e8b465ee728b)
Start importing Assets/WeaponData.asset using Guid(e119a0c103874fe4e979436d5ebfdb26) Importer(815301076,1909f56bfc062723c751e8b465ee728b)  -> (artifact id: '68de208294c06efc4b6331dce4b76c84') in 0.005602 seconds 
========================================================================
Received Import Request.
  Time since last request: 27.740392 seconds.
  path: Assets/Scripts/Weapons/Submachine_Gun.asset
  artifactKey: Guid(e119a0c103874fe4e979436d5ebfdb26) Importer(815301076,1909f56bfc062723c751e8b465ee728b)
Start importing Assets/Scripts/Weapons/Submachine_Gun.asset using Guid(e119a0c103874fe4e979436d5ebfdb26) Importer(815301076,1909f56bfc062723c751e8b465ee728b)  -> (artifact id: 'f2031d192a7ea9d5465fcfefd075e12f') in 0.009569 seconds 
========================================================================
Received Import Request.
  Time since last request: 10.106204 seconds.
  path: Assets/Scripts/Weapons/Pistol.asset
  artifactKey: Guid(46e59ae35455b704587d0ac452a93177) Importer(815301076,1909f56bfc062723c751e8b465ee728b)
Start importing Assets/Scripts/Weapons/Pistol.asset using Guid(46e59ae35455b704587d0ac452a93177) Importer(815301076,1909f56bfc062723c751e8b465ee728b)  -> (artifact id: 'f1b28048a4c51bedd6723a2021c7cc51') in 0.008545 seconds 
========================================================================
Received Import Request.
  Time since last request: 48.949667 seconds.
  path: Assets/Prefabs/AI.prefab
  artifactKey: Guid(9432be83467a9ec4fa526cb5f83c5afe) Importer(815301076,1909f56bfc062723c751e8b465ee728b)
Start importing Assets/Prefabs/AI.prefab using Guid(9432be83467a9ec4fa526cb5f83c5afe) Importer(815301076,1909f56bfc062723c751e8b465ee728b)  -> (artifact id: 'fbe9b5d9c4ce5feaf382c84af47a82d2') in 0.049142 seconds 
========================================================================
Received Import Request.
  Time since last request: 53.586969 seconds.
  path: Assets/Scenes/lobby.unity
  artifactKey: Guid(b0a176ad5ec1da141a2976c0fe525256) Importer(815301076,1909f56bfc062723c751e8b465ee728b)
Start importing Assets/Scenes/lobby.unity using Guid(b0a176ad5ec1da141a2976c0fe525256) Importer(815301076,1909f56bfc062723c751e8b465ee728b)  -> (artifact id: 'd74672ac0e833fe96763290f2cb417b8') in 0.008738 seconds 
========================================================================
Received Prepare
Registering precompiled user dll's ...
Registered in 0.008827 seconds.
Begin MonoManager ReloadAssembly
Symbol file LoadedFromMemory doesn't match image C:\Users\mcblo\Desktop\Invasion\Library\PackageCache\com.unity.visualscripting@1.7.8\Editor\VisualScripting.Core\Dependencies\YamlDotNet\Unity.VisualScripting.YamlDotNet.dll
Symbol file LoadedFromMemory doesn't match image C:\Users\mcblo\Desktop\Invasion\Library\PackageCache\com.unity.visualscripting@1.7.8\Editor\VisualScripting.Core\Dependencies\DotNetZip\Unity.VisualScripting.IonicZip.dll
Native extension for WindowsStandalone target not found
Refreshing native plugins compatible for Editor in 0.92 ms, found 3 plugins.
Preloading 0 native plugins for Editor in 0.00 ms.
Mono: successfully reloaded assembly
- Completed reload, in  1.346 seconds
Domain Reload Profiling:
	ReloadAssembly (1346ms)
		BeginReloadAssembly (181ms)
			ExecutionOrderSort (0ms)
			DisableScriptedObjects (8ms)
			BackupInstance (0ms)
			ReleaseScriptingObjects (0ms)
			CreateAndSetChildDomain (53ms)
		EndReloadAssembly (1027ms)
			LoadAssemblies (117ms)
			RebuildTransferFunctionScriptingTraits (0ms)
			SetupTypeCache (356ms)
			ReleaseScriptCaches (2ms)
			RebuildScriptCaches (50ms)
			SetupLoadedEditorAssemblies (452ms)
				LogAssemblyErrors (0ms)
				InitializePlatformSupportModulesInManaged (16ms)
				SetLoadedEditorAssemblies (1ms)
				RefreshPlugins (1ms)
				BeforeProcessingInitializeOnLoad (89ms)
				ProcessInitializeOnLoadAttributes (282ms)
				ProcessInitializeOnLoadMethodAttributes (52ms)
				AfterProcessingInitializeOnLoad (11ms)
				EditorAssembliesLoaded (0ms)
			ExecutionOrderSort2 (0ms)
			AwakeInstancesAfterBackupRestoration (8ms)
Platform modules already initialized, skipping
Refreshing native plugins compatible for Editor in 3.19 ms, found 3 plugins.
Preloading 0 native plugins for Editor in 0.00 ms.
Unloading 3778 Unused Serialized files (Serialized files now loaded: 0)
Unloading 30 unused Assets / (51.6 KB). Loaded Objects now: 4310.
Memory consumption went from 135.7 MB to 135.7 MB.
Total: 4.117400 ms (FindLiveObjects: 0.424400 ms CreateObjectMapping: 0.132200 ms MarkObjects: 3.413400 ms  DeleteObjects: 0.146100 ms)

AssetImportParameters requested are different than current active one (requested -> active):
  custom:video-decoder-ogg-theora: a1e56fd34408186e4bbccfd4996cb3dc -> 
  custom:container-muxer-webm: aa71ff27fc2769a1b78a27578f13a17b -> 
  custom:container-demuxer-webm: 4f35f7cbe854078d1ac9338744f61a02 -> 
  custom:video-encoder-webm-vp8: eb34c28f22e8b96e1ab97ce403110664 -> 
  custom:audio-encoder-webm-vorbis: bf7c407c2cedff20999df2af8eb42d56 -> 
  custom:framework-win-MediaFoundation: 216162199b28c13a410421893ffa2e32 -> 
  custom:container-demuxer-ogg: 62fdf1f143b41e24485cea50d1cbac27 -> 
  custom:video-decoder-webm-vp8: 9c59270c3fd7afecdb556c50c9e8de78 -> 
  custom:audio-decoder-ogg-vorbis: bf7c407c2cedff20999df2af8eb42d56 -> 
========================================================================
Received Prepare
Registering precompiled user dll's ...
Registered in 0.010616 seconds.
Begin MonoManager ReloadAssembly
Symbol file LoadedFromMemory doesn't match image C:\Users\mcblo\Desktop\Invasion\Library\PackageCache\com.unity.visualscripting@1.7.8\Editor\VisualScripting.Core\Dependencies\YamlDotNet\Unity.VisualScripting.YamlDotNet.dll
Symbol file LoadedFromMemory doesn't match image C:\Users\mcblo\Desktop\Invasion\Library\PackageCache\com.unity.visualscripting@1.7.8\Editor\VisualScripting.Core\Dependencies\DotNetZip\Unity.VisualScripting.IonicZip.dll
Native extension for WindowsStandalone target not found
Refreshing native plugins compatible for Editor in 1.16 ms, found 3 plugins.
Preloading 0 native plugins for Editor in 0.00 ms.
Mono: successfully reloaded assembly
- Completed reload, in  1.317 seconds
Domain Reload Profiling:
	ReloadAssembly (1317ms)
		BeginReloadAssembly (170ms)
			ExecutionOrderSort (0ms)
			DisableScriptedObjects (6ms)
			BackupInstance (0ms)
			ReleaseScriptingObjects (0ms)
			CreateAndSetChildDomain (50ms)
		EndReloadAssembly (1015ms)
			LoadAssemblies (115ms)
			RebuildTransferFunctionScriptingTraits (0ms)
			SetupTypeCache (359ms)
			ReleaseScriptCaches (2ms)
			RebuildScriptCaches (53ms)
			SetupLoadedEditorAssemblies (434ms)
				LogAssemblyErrors (0ms)
				InitializePlatformSupportModulesInManaged (15ms)
				SetLoadedEditorAssemblies (1ms)
				RefreshPlugins (1ms)
				BeforeProcessingInitializeOnLoad (90ms)
				ProcessInitializeOnLoadAttributes (269ms)
				ProcessInitializeOnLoadMethodAttributes (50ms)
				AfterProcessingInitializeOnLoad (9ms)
				EditorAssembliesLoaded (0ms)
			ExecutionOrderSort2 (0ms)
			AwakeInstancesAfterBackupRestoration (7ms)
Platform modules already initialized, skipping
Refreshing native plugins compatible for Editor in 2.87 ms, found 3 plugins.
Preloading 0 native plugins for Editor in 0.00 ms.
Unloading 3778 Unused Serialized files (Serialized files now loaded: 0)
Unloading 23 unused Assets / (24.7 KB). Loaded Objects now: 4313.
Memory consumption went from 135.7 MB to 135.7 MB.
Total: 3.856800 ms (FindLiveObjects: 0.364800 ms CreateObjectMapping: 0.131100 ms MarkObjects: 3.322900 ms  DeleteObjects: 0.037000 ms)

AssetImportParameters requested are different than current active one (requested -> active):
  custom:video-decoder-ogg-theora: a1e56fd34408186e4bbccfd4996cb3dc -> 
  custom:container-muxer-webm: aa71ff27fc2769a1b78a27578f13a17b -> 
  custom:container-demuxer-webm: 4f35f7cbe854078d1ac9338744f61a02 -> 
  custom:video-encoder-webm-vp8: eb34c28f22e8b96e1ab97ce403110664 -> 
  custom:audio-encoder-webm-vorbis: bf7c407c2cedff20999df2af8eb42d56 -> 
  custom:framework-win-MediaFoundation: 216162199b28c13a410421893ffa2e32 -> 
  custom:container-demuxer-ogg: 62fdf1f143b41e24485cea50d1cbac27 -> 
  custom:video-decoder-webm-vp8: 9c59270c3fd7afecdb556c50c9e8de78 -> 
  custom:audio-decoder-ogg-vorbis: bf7c407c2cedff20999df2af8eb42d56 -> 
========================================================================
Received Import Request.
  Time since last request: 74.255817 seconds.
  path: Assets/Scripts/Weapons/Pistol.asset
  artifactKey: Guid(46e59ae35455b704587d0ac452a93177) Importer(815301076,1909f56bfc062723c751e8b465ee728b)
Start importing Assets/Scripts/Weapons/Pistol.asset using Guid(46e59ae35455b704587d0ac452a93177) Importer(815301076,1909f56bfc062723c751e8b465ee728b)  -> (artifact id: '0444cfdfe481eda2d30e0349f8aa3b94') in 0.027938 seconds 
========================================================================
Received Import Request.
  Time since last request: 37.226591 seconds.
  path: Assets/Prefabs/AI.prefab
  artifactKey: Guid(9432be83467a9ec4fa526cb5f83c5afe) Importer(815301076,1909f56bfc062723c751e8b465ee728b)
Start importing Assets/Prefabs/AI.prefab using Guid(9432be83467a9ec4fa526cb5f83c5afe) Importer(815301076,1909f56bfc062723c751e8b465ee728b)  -> (artifact id: 'c5a2bbad347abeb70a8b141ac2a30e22') in 0.217958 seconds 
========================================================================
Received Prepare
Registering precompiled user dll's ...
Registered in 0.009572 seconds.
Begin MonoManager ReloadAssembly
Symbol file LoadedFromMemory doesn't match image C:\Users\mcblo\Desktop\Invasion\Library\PackageCache\com.unity.visualscripting@1.7.8\Editor\VisualScripting.Core\Dependencies\YamlDotNet\Unity.VisualScripting.YamlDotNet.dll
Symbol file LoadedFromMemory doesn't match image C:\Users\mcblo\Desktop\Invasion\Library\PackageCache\com.unity.visualscripting@1.7.8\Editor\VisualScripting.Core\Dependencies\DotNetZip\Unity.VisualScripting.IonicZip.dll
Native extension for WindowsStandalone target not found
Refreshing native plugins compatible for Editor in 0.96 ms, found 3 plugins.
Preloading 0 native plugins for Editor in 0.00 ms.
Mono: successfully reloaded assembly
- Completed reload, in  1.408 seconds
Domain Reload Profiling:
	ReloadAssembly (1408ms)
		BeginReloadAssembly (191ms)
			ExecutionOrderSort (0ms)
			DisableScriptedObjects (6ms)
			BackupInstance (0ms)
			ReleaseScriptingObjects (0ms)
			CreateAndSetChildDomain (52ms)
		EndReloadAssembly (1064ms)
			LoadAssemblies (148ms)
			RebuildTransferFunctionScriptingTraits (0ms)
			SetupTypeCache (377ms)
			ReleaseScriptCaches (2ms)
			RebuildScriptCaches (58ms)
			SetupLoadedEditorAssemblies (434ms)
				LogAssemblyErrors (0ms)
				InitializePlatformSupportModulesInManaged (16ms)
				SetLoadedEditorAssemblies (1ms)
				RefreshPlugins (1ms)
				BeforeProcessingInitializeOnLoad (97ms)
				ProcessInitializeOnLoadAttributes (265ms)
				ProcessInitializeOnLoadMethodAttributes (43ms)
				AfterProcessingInitializeOnLoad (12ms)
				EditorAssembliesLoaded (0ms)
			ExecutionOrderSort2 (0ms)
			AwakeInstancesAfterBackupRestoration (8ms)
Platform modules already initialized, skipping
Refreshing native plugins compatible for Editor in 3.66 ms, found 3 plugins.
Preloading 0 native plugins for Editor in 0.00 ms.
Unloading 3778 Unused Serialized files (Serialized files now loaded: 0)
Unloading 30 unused Assets / (51.9 KB). Loaded Objects now: 4316.
Memory consumption went from 135.7 MB to 135.7 MB.
Total: 4.263400 ms (FindLiveObjects: 0.455900 ms CreateObjectMapping: 0.141000 ms MarkObjects: 3.492200 ms  DeleteObjects: 0.173000 ms)

AssetImportParameters requested are different than current active one (requested -> active):
  custom:video-decoder-ogg-theora: a1e56fd34408186e4bbccfd4996cb3dc -> 
  custom:container-muxer-webm: aa71ff27fc2769a1b78a27578f13a17b -> 
  custom:container-demuxer-webm: 4f35f7cbe854078d1ac9338744f61a02 -> 
  custom:video-encoder-webm-vp8: eb34c28f22e8b96e1ab97ce403110664 -> 
  custom:audio-encoder-webm-vorbis: bf7c407c2cedff20999df2af8eb42d56 -> 
  custom:framework-win-MediaFoundation: 216162199b28c13a410421893ffa2e32 -> 
  custom:container-demuxer-ogg: 62fdf1f143b41e24485cea50d1cbac27 -> 
  custom:video-decoder-webm-vp8: 9c59270c3fd7afecdb556c50c9e8de78 -> 
  custom:audio-decoder-ogg-vorbis: bf7c407c2cedff20999df2af8eb42d56 -> 
Editor requested this worker to shutdown with reason: Scaling down because of idle timeout
AssetImportWorker is now disconnected from the server
Process exiting
Exiting without the bug reporter. Application will terminate with return code 0